[Mon Mar  2 15:05:44 2026] Verifying: ['GB 2763-2021']
[Mon Mar  2 15:07:03 2026] Finished GB 2763-2021: obsolete
[Mon Mar  2 15:07:03 2026] Verifying: ['GB 23200.113- 2018', 'GB 23200.121- 2021']
[Mon Mar  2 15:08:21 2026] Finished GB 23200.113- 2018: obsolete
[Mon Mar  2 15:08:24 2026] Finished GB 23200.121- 2021: obsolete
[Wed Mar  4 13:01:26 2026] Verifying: ['GB 2763-2021']
[Wed Mar  4 13:02:29 2026] Finished GB 2763-2021: error
[Wed Mar  4 13:02:29 2026] Verifying: ['GB 23200.113- 2018', 'GB 23200.121- 2021']
[Wed Mar  4 13:02:38 2026] Finished GB 23200.121- 2021: error
[Wed Mar  4 13:03:16 2026] Finished GB 23200.113- 2018: error
[Thu Mar  5 19:22:17 2026] Verifying: ['GB 2763-2021']
[Thu Mar  5 19:24:07 2026] Finished GB 2763-2021: obsolete
[Thu Mar  5 19:24:07 2026] Verifying: ['GB 23200.121- 2021', 'GB 23200.113- 2018']
[Thu Mar  5 19:25:12 2026] Finished GB 23200.121- 2021: obsolete
[Thu Mar  5 19:25:18 2026] Finished GB 23200.113- 2018: invalid
[Thu Mar  5 21:08:31 2026] Verifying: ['GB 2763-2021']
[Thu Mar  5 21:09:27 2026] Finished GB 2763-2021: obsolete
[Thu Mar  5 21:09:27 2026] Verifying: ['GB 23200.121- 2021', 'GB 23200.113- 2018']
[Thu Mar  5 21:10:22 2026] Finished GB 23200.113- 2018: obsolete
[Thu Mar  5 21:10:24 2026] Finished GB 23200.121- 2021: obsolete
[Thu Mar  5 21:24:13 2026] Verifying: ['GB 23200.113-2018']
[Thu Mar  5 21:27:16 2026] Finished GB 23200.113-2018: obsolete
[Fri Mar  6 17:33:21 2026] Verifying: ['GB 2762- 2022', 'GB 29921-2021', 'GB 19645-2010', 'GB 2760-2024']
[Fri Mar  6 17:34:13 2026] Finished GB 2762- 2022: error
[Fri Mar  6 17:34:16 2026] Finished GB 29921-2021: obsolete
[Fri Mar  6 17:34:22 2026] Finished GB 19645-2010: error
[Fri Mar  6 17:34:37 2026] Finished GB 2760-2024: error
[Fri Mar  6 17:34:37 2026] Verifying: ['GB 4789.2-2022', 'GB 4789.10- 2016', 'GB 5009.12- 2023', 'GB 5009.5-2025', 'GB/T 22388- 2008', 'GB 5009.251- 2016', 'GB 4789.4-2024', 'GB 5009.239- 2016', 'GB 4789.3-2025']
[Fri Mar  6 17:34:49 2026] Finished GB 4789.10- 2016: error
[Fri Mar  6 17:35:58 2026] Finished GB 4789.2-2022: invalid
[Fri Mar  6 17:36:10 2026] Finished GB 5009.12- 2023: invalid
[Fri Mar  6 17:36:51 2026] Finished GB 5009.5-2025: error
[Fri Mar  6 17:37:32 2026] Finished GB/T 22388- 2008: error
[Fri Mar  6 17:37:37 2026] Finished GB 4789.4-2024: error
[Fri Mar  6 17:37:45 2026] Finished GB 5009.251- 2016: invalid
[Fri Mar  6 17:38:28 2026] Finished GB 5009.239- 2016: invalid
[Fri Mar  6 17:38:38 2026] Finished GB 4789.3-2025: invalid
[Fri Mar  6 23:06:46 2026] Verifying: ['GB 2763-2021', 'GB 23200.121', 'GB 23200.113']
[Fri Mar  6 23:07:57 2026] Finished GB 2763-2021: obsolete
[Fri Mar  6 23:08:00 2026] Finished GB 23200.121: obsolete
[Fri Mar  6 23:09:00 2026] Finished GB 23200.113: obsolete
[Fri Mar  6 23:09:00 2026] Verifying: ['GB 23200.121- 2021', 'GB 23200.113- 2018']
[Fri Mar  6 23:10:02 2026] Finished GB 23200.113- 2018: obsolete
[Fri Mar  6 23:10:03 2026] Finished GB 23200.121- 2021: obsolete
